<?xml version="1.0" encoding="UTF-8"?>
<!-- Generated by org.testng.reporters.JUnitReportReporter -->
<testsuite hostname="MBP-de-Florent" name="fr.df.muscu.api.AppTest" tests="1" failures="0" timestamp="30 Mar 2019 10:06:34 GMT" time="0.000" errors="0">
  <testcase name="testApp" time="0.000" classname="fr.df.muscu.api.AppTest"/>
</testsuite> <!-- fr.df.muscu.api.AppTest -->
